# JRE version: OpenJDK Runtime Environment (8.0_202-b03) (build 1.8.0_202-release-1483-b03)
# Java VM: OpenJDK 64-Bit Server VM (25.202-b03 mixed mode windows-amd64 compressed oops)
Heap:
 PSYoungGen      total 95232K, used 27412K [0x00000000e0000000, 0x00000000e9680000, 0x0000000100000000)
  eden space 81920K, 20% used [0x00000000e0000000,0x00000000e109d590,0x00000000e5000000)
  from space 13312K, 78% used [0x00000000e5000000,0x00000000e5a27e08,0x00000000e5d00000)
  to   space 12288K, 0% used [0x00000000e8a80000,0x00000000e8a80000,0x00000000e9680000)
 ParOldGen       total 130560K, used 8820K [0x00000000a0000000, 0x00000000a7f80000, 0x00000000e0000000)
  object space 130560K, 6% used [0x00000000a0000000,0x00000000a089d250,0x00000000a7f80000)
 Metaspace       used 34389K, capacity 35058K, committed 35416K, reserved 1079296K
  class space    used 4729K, capacity 4892K, committed 4952K, reserved 1048576K
GC Heap History (10 events):
Event: 10.446 GC heap before
{Heap before GC invocations=2 (full 0):
 PSYoungGen      total 95232K, used 90128K [0x00000000e0000000, 0x00000000e6a00000, 0x0000000100000000)
  eden space 81920K, 100% used [0x00000000e0000000,0x00000000e5000000,0x00000000e5000000)
  from space 13312K, 61% used [0x00000000e5000000,0x00000000e58043c8,0x00000000e5d00000)
  to   space 13312K, 0% used [0x00000000e5d00000,0x00000000e5d00000,0x00000000e6a00000)
 ParOldGen       total 217088K, used 16K [0x00000000a0000000, 0x00000000ad400000, 0x00000000e0000000)
  object space 217088K, 0% used [0x00000000a0000000,0x00000000a0004000,0x00000000ad400000)
 Metaspace       used 17950K, capacity 18392K, committed 18688K, reserved 1064960K
  class space    used 2599K, capacity 2776K, committed 2816K, reserved 1048576K
Event: 10.511 GC heap after
Heap after GC invocations=2 (full 0):
 PSYoungGen      total 95232K, used 12248K [0x00000000e0000000, 0x00000000e6a00000, 0x0000000100000000)
  eden space 81920K, 0% used [0x00000000e0000000,0x00000000e0000000,0x00000000e5000000)
  from space 13312K, 92% used [0x00000000e5d00000,0x00000000e68f6138,0x00000000e6a00000)
  to   space 13312K, 0% used [0x00000000e5000000,0x00000000e5000000,0x00000000e5d00000)
 ParOldGen       total 217088K, used 24K [0x00000000a0000000, 0x00000000ad400000, 0x00000000e0000000)
  object space 217088K, 0% used [0x00000000a0000000,0x00000000a0006000,0x00000000ad400000)
 Metaspace       used 17950K, capacity 18392K, committed 18688K, reserved 1064960K
  class space    used 2599K, capacity 2776K, committed 2816K, reserved 1048576K
}
Event: 11.425 GC heap before
{Heap before GC invocations=3 (full 0):
 PSYoungGen      total 95232K, used 35355K [0x00000000e0000000, 0x00000000e6a00000, 0x0000000100000000)
  eden space 81920K, 28% used [0x00000000e0000000,0x00000000e1690b88,0x00000000e5000000)
  from space 13312K, 92% used [0x00000000e5d00000,0x00000000e68f6138,0x00000000e6a00000)
  to   space 13312K, 0% used [0x00000000e5000000,0x00000000e5000000,0x00000000e5d00000)
 ParOldGen       total 217088K, used 24K [0x00000000a0000000, 0x00000000ad400000, 0x00000000e0000000)
  object space 217088K, 0% used [0x00000000a0000000,0x00000000a0006000,0x00000000ad400000)
 Metaspace       used 20740K, capacity 21124K, committed 21248K, reserved 1067008K
  class space    used 2917K, capacity 3066K, committed 3072K, reserved 1048576K
Event: 11.449 GC heap after
Heap after GC invocations=3 (full 0):
 PSYoungGen      total 95232K, used 9018K [0x00000000e0000000, 0x00000000e6a00000, 0x0000000100000000)
  eden space 81920K, 0% used [0x00000000e0000000,0x00000000e0000000,0x00000000e5000000)
  from space 13312K, 67% used [0x00000000e5000000,0x00000000e58cea78,0x00000000e5d00000)
  to   space 13312K, 0% used [0x00000000e5d00000,0x00000000e5d00000,0x00000000e6a00000)
 ParOldGen       total 217088K, used 32K [0x00000000a0000000, 0x00000000ad400000, 0x00000000e0000000)
  object space 217088K, 0% used [0x00000000a0000000,0x00000000a0008000,0x00000000ad400000)
 Metaspace       used 20740K, capacity 21124K, committed 21248K, reserved 1067008K
  class space    used 2917K, capacity 3066K, committed 3072K, reserved 1048576K
}
Event: 11.449 GC heap before
{Heap before GC invocations=4 (full 1):
 PSYoungGen      total 95232K, used 9018K [0x00000000e0000000, 0x00000000e6a00000, 0x0000000100000000)
  eden space 81920K, 0% used [0x00000000e0000000,0x00000000e0000000,0x00000000e5000000)
  from space 13312K, 67% used [0x00000000e5000000,0x00000000e58cea78,0x00000000e5d00000)
  to   space 13312K, 0% used [0x00000000e5d00000,0x00000000e5d00000,0x00000000e6a00000)
 ParOldGen       total 217088K, used 32K [0x00000000a0000000, 0x00000000ad400000, 0x00000000e0000000)
  object space 217088K, 0% used [0x00000000a0000000,0x00000000a0008000,0x00000000ad400000)
 Metaspace       used 20740K, capacity 21124K, committed 21248K, reserved 1067008K
  class space    used 2917K, capacity 3066K, committed 3072K, reserved 1048576K
Event: 11.540 GC heap after
Heap after GC invocations=4 (full 1):
 PSYoungGen      total 95232K, used 0K [0x00000000e0000000, 0x00000000e6a00000, 0x0000000100000000)
  eden space 81920K, 0% used [0x00000000e0000000,0x00000000e0000000,0x00000000e5000000)
  from space 13312K, 0% used [0x00000000e5000000,0x00000000e5000000,0x00000000e5d00000)
  to   space 13312K, 0% used [0x00000000e5d00000,0x00000000e5d00000,0x00000000e6a00000)
 ParOldGen       total 130560K, used 8804K [0x00000000a0000000, 0x00000000a7f80000, 0x00000000e0000000)
  object space 130560K, 6% used [0x00000000a0000000,0x00000000a0899250,0x00000000a7f80000)
 Metaspace       used 20740K, capacity 21124K, committed 21248K, reserved 1067008K
  class space    used 2917K, capacity 3066K, committed 3072K, reserved 1048576K
}
Event: 15.205 GC heap before
{Heap before GC invocations=5 (full 1):
 PSYoungGen      total 95232K, used 81920K [0x00000000e0000000, 0x00000000e6a00000, 0x0000000100000000)
  eden space 81920K, 100% used [0x00000000e0000000,0x00000000e5000000,0x00000000e5000000)
  from space 13312K, 0% used [0x00000000e5000000,0x00000000e5000000,0x00000000e5d00000)
  to   space 13312K, 0% used [0x00000000e5d00000,0x00000000e5d00000,0x00000000e6a00000)
 ParOldGen       total 130560K, used 8804K [0x00000000a0000000, 0x00000000a7f80000, 0x00000000e0000000)
  object space 130560K, 6% used [0x00000000a0000000,0x00000000a0899250,0x00000000a7f80000)
 Metaspace       used 29333K, capacity 29878K, committed 30336K, reserved 1075200K
  class space    used 3949K, capacity 4117K, committed 4224K, reserved 1048576K
Event: 15.227 GC heap after
Heap after GC invocations=5 (full 1):
 PSYoungGen      total 95232K, used 8962K [0x00000000e0000000, 0x00000000e9280000, 0x0000000100000000)
  eden space 81920K, 0% used [0x00000000e0000000,0x00000000e0000000,0x00000000e5000000)
  from space 13312K, 67% used [0x00000000e5d00000,0x00000000e65c09a8,0x00000000e6a00000)
  to   space 13312K, 0% used [0x00000000e5000000,0x00000000e5000000,0x00000000e5d00000)
 ParOldGen       total 130560K, used 8812K [0x00000000a0000000, 0x00000000a7f80000, 0x00000000e0000000)
  object space 130560K, 6% used [0x00000000a0000000,0x00000000a089b250,0x00000000a7f80000)
 Metaspace       used 29333K, capacity 29878K, committed 30336K, reserved 1075200K
  class space    used 3949K, capacity 4117K, committed 4224K, reserved 1048576K
}
Event: 19.843 GC heap before
{Heap before GC invocations=6 (full 1):
 PSYoungGen      total 95232K, used 90882K [0x00000000e0000000, 0x00000000e9280000, 0x0000000100000000)
  eden space 81920K, 100% used [0x00000000e0000000,0x00000000e5000000,0x00000000e5000000)
  from space 13312K, 67% used [0x00000000e5d00000,0x00000000e65c09a8,0x00000000e6a00000)
  to   space 13312K, 0% used [0x00000000e5000000,0x00000000e5000000,0x00000000e5d00000)
 ParOldGen       total 130560K, used 8812K [0x00000000a0000000, 0x00000000a7f80000, 0x00000000e0000000)
  object space 130560K, 6% used [0x00000000a0000000,0x00000000a089b250,0x00000000a7f80000)
 Metaspace       used 33797K, capacity 34388K, committed 34816K, reserved 1079296K
  class space    used 4636K, capacity 4819K, committed 4864K, reserved 1048576K
Event: 19.943 GC heap after
Heap after GC invocations=6 (full 1):
 PSYoungGen      total 95232K, used 10399K [0x00000000e0000000, 0x00000000e9680000, 0x0000000100000000)
  eden space 81920K, 0% used [0x00000000e0000000,0x00000000e0000000,0x00000000e5000000)
  from space 13312K, 78% used [0x00000000e5000000,0x00000000e5a27e08,0x00000000e5d00000)
  to   space 12288K, 0% used [0x00000000e8a80000,0x00000000e8a80000,0x00000000e9680000)
 ParOldGen       total 130560K, used 8820K [0x00000000a0000000, 0x00000000a7f80000, 0x00000000e0000000)
  object space 130560K, 6% used [0x00000000a0000000,0x00000000a089d250,0x00000000a7f80000)
 Metaspace       used 33797K, capacity 34388K, committed 34816K, reserved 1079296K
  class space    used 4636K, capacity 4819K, committed 4864K, reserved 1048576K
}

